<?xml version="1.0" encoding="UTF-8"?>
<!-- Generated by org.testng.reporters.JUnitReportReporter -->
<testsuite hostname="LAPTOP-8IUM7N1I" name="com.ERP.DriverFactory.DatadrivenDriverScript" tests="2" failures="0" timestamp="11 Feb 2021 16:34:10 GMT" time="60.013" errors="0">
  <testcase name="Suppliercreation" time="36.194" classname="com.ERP.DriverFactory.DatadrivenDriverScript"/>
  <testcase name="Customercreation" time="23.819" classname="com.ERP.DriverFactory.DatadrivenDriverScript"/>
</testsuite> <!-- com.ERP.DriverFactory.DatadrivenDriverScript -->
