<?xml version="1.0" encoding="UTF-8"?>
<!-- Generated by org.testng.reporters.JUnitReportReporter -->
<testsuite hostname="LAPTOP-8IUM7N1I" name="com.ERP.DriverFactory.DatadrivenDriverScript" tests="2" failures="0" timestamp="13 Feb 2021 20:42:37 GMT" time="63.069" errors="0">
  <testcase name="Customercreation" time="25.521" classname="com.ERP.DriverFactory.DatadrivenDriverScript"/>
  <testcase name="Suppliercreation" time="37.548" classname="com.ERP.DriverFactory.DatadrivenDriverScript"/>
</testsuite> <!-- com.ERP.DriverFactory.DatadrivenDriverScript -->
