<?xml version="1.0" encoding="UTF-8"?>
<!-- Generated by org.testng.reporters.JUnitReportReporter -->
<testsuite hostname="LAPTOP-8IUM7N1I" name="com.ERP.TestCases.DashBoardTest" tests="4" failures="0" timestamp="3 Mar 2021 20:11:50 GMT" time="32.220" errors="0">
  <testcase name="DashBoardTitleTest" time="7.915" classname="com.ERP.TestCases.DashBoardTest"/>
  <testcase name="supplierpagetest" time="8.506" classname="com.ERP.TestCases.DashBoardTest"/>
  <testcase name="customerspagetest" time="8.801" classname="com.ERP.TestCases.DashBoardTest"/>
  <testcase name="DisplaynameTest" time="6.998" classname="com.ERP.TestCases.DashBoardTest"/>
</testsuite> <!-- com.ERP.TestCases.DashBoardTest -->
