<?xml version="1.0" encoding="UTF-8"?>
<!-- Generated by org.testng.reporters.JUnitReportReporter -->
<testsuite hostname="LAPTOP-8IUM7N1I" name="com.ERP.TestCases.AddSupplierPageTest" tests="5" failures="0" timestamp="4 Mar 2021 11:16:17 GMT" time="68.885" errors="0">
  <testcase name="AddsupplierTest" time="13.462" classname="com.ERP.TestCases.AddSupplierPageTest"/>
  <testcase name="AddsupplierTest" time="14.985" classname="com.ERP.TestCases.AddSupplierPageTest"/>
  <testcase name="AddsupplierTest" time="13.231" classname="com.ERP.TestCases.AddSupplierPageTest"/>
  <testcase name="AddsupplierTest" time="13.536" classname="com.ERP.TestCases.AddSupplierPageTest"/>
  <testcase name="AddsupplierTest" time="13.671" classname="com.ERP.TestCases.AddSupplierPageTest"/>
</testsuite> <!-- com.ERP.TestCases.AddSupplierPageTest -->
