<?xml version="1.0" encoding="UTF-8"?>
<!-- Generated by org.testng.reporters.JUnitReportReporter -->
<testsuite hostname="LAPTOP-8IUM7N1I" name="com.ERP.DriverFactory.AppTest" tests="1" failures="0" timestamp="13 Feb 2021 20:42:37 GMT" time="67.114" errors="0">
  <testcase name="kickStart" time="67.114" classname="com.ERP.DriverFactory.AppTest"/>
</testsuite> <!-- com.ERP.DriverFactory.AppTest -->
