<?xml version="1.0" encoding="UTF-8"?>
<!-- Generated by org.testng.reporters.JUnitReportReporter -->
<testsuite hostname="LAPTOP-8IUM7N1I" name="com.ERP.TestCases.LoginPageTest" tests="2" failures="0" timestamp="4 Mar 2021 10:11:41 GMT" time="25.375" errors="0">
  <testcase name="loginPageTitleTest" time="15.737" classname="com.ERP.TestCases.LoginPageTest"/>
  <testcase name="logintest" time="9.638" classname="com.ERP.TestCases.LoginPageTest"/>
</testsuite> <!-- com.ERP.TestCases.LoginPageTest -->
