<?xml version="1.0" encoding="UTF-8"?>
<!-- Generated by org.testng.reporters.JUnitReportReporter -->
<testsuite hostname="LAPTOP-8IUM7N1I" name="com.ERP.TestCases.AddCustomerPageTest" tests="3" failures="0" timestamp="4 Mar 2021 11:53:40 GMT" time="38.846" errors="0">
  <testcase name="addCustomerTest" time="12.507" classname="com.ERP.TestCases.AddCustomerPageTest"/>
  <testcase name="addCustomerTest" time="12.896" classname="com.ERP.TestCases.AddCustomerPageTest"/>
  <testcase name="addCustomerTest" time="13.443" classname="com.ERP.TestCases.AddCustomerPageTest"/>
</testsuite> <!-- com.ERP.TestCases.AddCustomerPageTest -->
